2023/12/03 12:49:10 : Peer 1001 is connected from Peer 1002.
2023/12/03 12:49:10 : Peer 1001 received the 'interested' message to 1002.
2023/12/03 12:49:10 : Peer 1001 has the optimistically unchoked neighbor 1002.
2023/12/03 12:49:10 : Peer 1001 received the 'have' message from 1002 for the piece 54.
2023/12/03 12:49:10 : Peer 1001 received the 'have' message from 1002 for the piece 12.
2023/12/03 12:49:10 : Peer 1001 received the 'have' message from 1002 for the piece 42.
2023/12/03 12:49:10 : Peer 1001 is choked by 1002.
2023/12/03 12:49:10 : Peer 1001 received the 'have' message from 1002 for the piece 30.
2023/12/03 12:49:10 : Peer 1001 received the 'have' message from 1002 for the piece 63.
2023/12/03 12:49:15 : Peer 1001 received the 'have' message from 1002 for the piece 19.
2023/12/03 12:49:15 : Peer 1001 received the 'have' message from 1002 for the piece 6.
2023/12/03 12:49:15 : Peer 1001 is choked by 1002.
2023/12/03 12:49:15 : Peer 1001 received the 'have' message from 1002 for the piece 20.
2023/12/03 12:49:20 : Peer 1001 received the 'have' message from 1002 for the piece 61.
2023/12/03 12:49:20 : Peer 1001 received the 'have' message from 1002 for the piece 46.
2023/12/03 12:49:20 : Peer 1001 is choked by 1002.
2023/12/03 12:49:20 : Peer 1001 received the 'have' message from 1002 for the piece 10.
2023/12/03 12:49:25 : Peer 1001 has the optimistically unchoked neighbor 1002.
2023/12/03 12:49:25 : Peer 1001 received the 'have' message from 1002 for the piece 51.
2023/12/03 12:49:25 : Peer 1001 received the 'have' message from 1002 for the piece 36.
2023/12/03 12:49:25 : Peer 1001 is choked by 1002.
2023/12/03 12:49:25 : Peer 1001 received the 'have' message from 1002 for the piece 33.
2023/12/03 12:49:30 : Peer 1001 received the 'have' message from 1002 for the piece 52.
2023/12/03 12:49:30 : Peer 1001 received the 'have' message from 1002 for the piece 34.
2023/12/03 12:49:30 : Peer 1001 is choked by 1002.
2023/12/03 12:49:30 : Peer 1001 received the 'have' message from 1002 for the piece 44.
2023/12/03 12:49:35 : Peer 1001 received the 'have' message from 1002 for the piece 17.
2023/12/03 12:49:35 : Peer 1001 received the 'have' message from 1002 for the piece 35.
2023/12/03 12:49:35 : Peer 1001 is choked by 1002.
2023/12/03 12:49:35 : Peer 1001 received the 'have' message from 1002 for the piece 48.
2023/12/03 12:49:40 : Peer 1001 has the optimistically unchoked neighbor 1002.
2023/12/03 12:49:40 : Peer 1001 received the 'have' message from 1002 for the piece 22.
2023/12/03 12:49:40 : Peer 1001 received the 'have' message from 1002 for the piece 23.
2023/12/03 12:49:40 : Peer 1001 is choked by 1002.
2023/12/03 12:49:40 : Peer 1001 received the 'have' message from 1002 for the piece 60.
2023/12/03 12:49:40 : Peer 1001 received the 'have' message from 1002 for the piece 18.
2023/12/03 12:49:40 : Peer 1001 received the 'have' message from 1002 for the piece 47.
2023/12/03 12:49:40 : Peer 1001 is choked by 1002.
2023/12/03 12:49:40 : Peer 1001 received the 'have' message from 1002 for the piece 9.
2023/12/03 12:49:45 : Peer 1001 received the 'have' message from 1002 for the piece 11.
2023/12/03 12:49:45 : Peer 1001 received the 'have' message from 1002 for the piece 43.
2023/12/03 12:49:45 : Peer 1001 is choked by 1002.
2023/12/03 12:49:45 : Peer 1001 received the 'have' message from 1002 for the piece 21.
2023/12/03 12:49:50 : Peer 1001 received the 'have' message from 1002 for the piece 1.
2023/12/03 12:49:50 : Peer 1001 received the 'have' message from 1002 for the piece 2.
2023/12/03 12:49:50 : Peer 1001 is choked by 1002.
2023/12/03 12:49:50 : Peer 1001 received the 'have' message from 1002 for the piece 58.
2023/12/03 12:49:55 : Peer 1001 has the optimistically unchoked neighbor 1002.
2023/12/03 12:49:55 : Peer 1001 received the 'have' message from 1002 for the piece 3.
2023/12/03 12:49:55 : Peer 1001 received the 'have' message from 1002 for the piece 55.
2023/12/03 12:49:55 : Peer 1001 is choked by 1002.
2023/12/03 12:49:55 : Peer 1001 received the 'have' message from 1002 for the piece 26.
2023/12/03 12:50:00 : Peer 1001 received the 'have' message from 1002 for the piece 38.
2023/12/03 12:50:00 : Peer 1001 received the 'have' message from 1002 for the piece 53.
2023/12/03 12:50:00 : Peer 1001 is choked by 1002.
2023/12/03 12:50:00 : Peer 1001 received the 'have' message from 1002 for the piece 14.
2023/12/03 12:50:05 : Peer 1001 received the 'have' message from 1002 for the piece 16.
2023/12/03 12:50:05 : Peer 1001 received the 'have' message from 1002 for the piece 0.
2023/12/03 12:50:05 : Peer 1001 is choked by 1002.
2023/12/03 12:50:05 : Peer 1001 received the 'have' message from 1002 for the piece 15.
2023/12/03 12:50:10 : Peer 1001 has the optimistically unchoked neighbor 1002.
2023/12/03 12:50:10 : Peer 1001 received the 'have' message from 1002 for the piece 27.
2023/12/03 12:50:10 : Peer 1001 received the 'have' message from 1002 for the piece 32.
2023/12/03 12:50:10 : Peer 1001 is choked by 1002.
2023/12/03 12:50:10 : Peer 1001 received the 'have' message from 1002 for the piece 4.
2023/12/03 12:50:10 : Peer 1001 received the 'have' message from 1002 for the piece 25.
2023/12/03 12:50:10 : Peer 1001 received the 'have' message from 1002 for the piece 37.
2023/12/03 12:50:10 : Peer 1001 is choked by 1002.
2023/12/03 12:50:10 : Peer 1001 received the 'have' message from 1002 for the piece 59.
2023/12/03 12:50:15 : Peer 1001 received the 'have' message from 1002 for the piece 40.
2023/12/03 12:50:15 : Peer 1001 received the 'have' message from 1002 for the piece 41.
2023/12/03 12:50:15 : Peer 1001 is choked by 1002.
2023/12/03 12:50:15 : Peer 1001 received the 'have' message from 1002 for the piece 31.
2023/12/03 12:50:20 : Peer 1001 received the 'have' message from 1002 for the piece 24.
2023/12/03 12:50:20 : Peer 1001 received the 'have' message from 1002 for the piece 49.
2023/12/03 12:50:20 : Peer 1001 is choked by 1002.
2023/12/03 12:50:20 : Peer 1001 received the 'have' message from 1002 for the piece 39.
2023/12/03 12:50:25 : Peer 1001 has the optimistically unchoked neighbor 1002.
2023/12/03 12:50:25 : Peer 1001 received the 'have' message from 1002 for the piece 7.
2023/12/03 12:50:25 : Peer 1001 received the 'have' message from 1002 for the piece 57.
2023/12/03 12:50:25 : Peer 1001 is choked by 1002.
2023/12/03 12:50:25 : Peer 1001 received the 'have' message from 1002 for the piece 13.
2023/12/03 12:50:25 : Peer 1001 received the 'have' message from 1002 for the piece 28.
2023/12/03 12:50:25 : Peer 1001 received the 'have' message from 1002 for the piece 45.
2023/12/03 12:50:25 : Peer 1001 is choked by 1002.
2023/12/03 12:50:25 : Peer 1001 received the 'have' message from 1002 for the piece 29.
2023/12/03 12:50:30 : Peer 1001 received the 'have' message from 1002 for the piece 8.
2023/12/03 12:50:30 : Peer 1001 received the 'have' message from 1002 for the piece 5.
2023/12/03 12:50:30 : Peer 1001 is choked by 1002.
2023/12/03 12:50:30 : Peer 1001 received the 'have' message from 1002 for the piece 62.
2023/12/03 12:50:35 : Peer 1001 received the 'have' message from 1002 for the piece 50.
2023/12/03 12:50:35 : Peer 1001 received the 'have' message from 1002 for the piece 56.
